16:29:17 WARN  :  [Hsm 55-1484] MSS file doesn't have NAME. So assuming NAME as system
16:29:32 INFO  : BSP Project P/standalone_bsp_0 has been successfully migrated.
16:35:48 INFO  : FPGA configured successfully with bitstream "C:/Users/Administrator.WIN-I4CR061GMDC/Desktop/lab1.sdk/SDK/SDK_Export/hw_platform_0/system_wrapper.bit"
16:36:09 INFO  : ps7_init is completed.
16:36:09 INFO  : ps7_post_config is completed.
16:36:09 INFO  : Processor reset is completed for ps7_cortexa9_0
16:38:34 ERROR : Unable to disconnect from existing targets
java.lang.NullPointerException
	at com.xilinx.sdk.targetmanager.internal.json.XMDJSONProcess.issueCommand(XMDJSONProcess.java:144)
	at com.xilinx.sdk.targetmanager.internal.TM.disconnectTarget(TM.java:338)
	at com.xilinx.sdk.targetmanager.internal.TM.disconnectExistingTargets(TM.java:320)
	at com.xilinx.sdk.targetmanager.internal.TM.terminate(TM.java:210)
	at com.xilinx.sdk.targetmanager.TMPlugin.stop(TMPlugin.java:57)
	at org.eclipse.osgi.framework.internal.core.BundleContextImpl$2.run(BundleContextImpl.java:771)
	at java.security.AccessController.doPrivileged(Native Method)
	at org.eclipse.osgi.framework.internal.core.BundleContextImpl.stop(BundleContextImpl.java:764)
	at org.eclipse.osgi.framework.internal.core.BundleHost.stopWorker(BundleHost.java:510)
	at org.eclipse.osgi.framework.internal.core.AbstractBundle.suspend(AbstractBundle.java:566)
	at org.eclipse.osgi.framework.internal.core.Framework.suspendBundle(Framework.java:1206)
	at org.eclipse.osgi.framework.internal.core.StartLevelManager.decFWSL(StartLevelManager.java:592)
	at org.eclipse.osgi.framework.internal.core.StartLevelManager.doSetStartLevel(StartLevelManager.java:257)
	at org.eclipse.osgi.framework.internal.core.StartLevelManager.shutdown(StartLevelManager.java:215)
	at org.eclipse.osgi.framework.internal.core.InternalSystemBundle.suspend(InternalSystemBundle.java:284)
	at org.eclipse.osgi.framework.internal.core.Framework.shutdown(Framework.java:692)
	at org.eclipse.osgi.framework.internal.core.Framework.close(Framework.java:600)
	at org.eclipse.core.runtime.adaptor.EclipseStarter.shutdown(EclipseStarter.java:399)
	at org.eclipse.core.runtime.adaptor.EclipseStarter.run(EclipseStarter.java:199)
	at sun.reflect.NativeMethodAccessorImpl.invoke0(Native Method)
	at sun.reflect.NativeMethodAccessorImpl.invoke(NativeMethodAccessorImpl.java:57)
	at sun.reflect.DelegatingMethodAccessorImpl.invoke(DelegatingMethodAccessorImpl.java:43)
	at java.lang.reflect.Method.invoke(Method.java:606)
	at org.eclipse.equinox.launcher.Main.invokeFramework(Main.java:629)
	at org.eclipse.equinox.launcher.Main.basicRun(Main.java:584)
	at org.eclipse.equinox.launcher.Main.run(Main.java:1438)
16:38:35 ERROR : Unexpected error while parsing XMD response ?: com.google.gson.JsonSyntaxException: com.google.gson.stream.MalformedJsonException: invalid number or unquoted string near 
16:46:46 ERROR : FPGA Configuration failed.Failed to download the bit file

    Failed to verify DONE bit after configuring FPGA


16:48:06 WARN  :  [Hsm 55-1484] MSS file doesn't have NAME. So assuming NAME as system
16:49:51 INFO  : FPGA configured successfully with bitstream "C:/Users/Administrator.WIN-I4CR061GMDC/Desktop/lab1.sdk/SDK/SDK_Export/hw_platform_0/system_wrapper.bit"
16:49:54 WARN  :  [Hsm 55-1484] MSS file doesn't have NAME. So assuming NAME as system
16:50:11 INFO  : ps7_init is completed.
16:50:11 INFO  : ps7_post_config is completed.
16:50:11 INFO  : Processor reset is completed for ps7_cortexa9_0
16:51:23 INFO  : Processor reset is completed for ps7_cortexa9_0
16:51:24 INFO  : ps7_cortexa9_0 Processor is in use. Please stop existing Run or Debug sessions before launching.
16:51:33 INFO  : ps7_cortexa9_0 Processor is in use. Please stop existing Run or Debug sessions before launching.
16:51:35 INFO  : Processor reset is completed for ps7_cortexa9_0
16:53:11 INFO  : FPGA configured successfully with bitstream "C:/Users/Administrator.WIN-I4CR061GMDC/Desktop/lab1.sdk/SDK/SDK_Export/hw_platform_0/system_wrapper.bit"
16:53:23 INFO  : ps7_init is completed.
16:53:24 INFO  : ps7_post_config is completed.
16:53:24 INFO  : Processor reset is completed for ps7_cortexa9_0
16:55:20 INFO  : FPGA configured successfully with bitstream "C:/Users/Administrator.WIN-I4CR061GMDC/Desktop/lab1.sdk/SDK/SDK_Export/hw_platform_0/system_wrapper.bit"
16:55:32 INFO  : ps7_init is completed.
16:55:32 INFO  : ps7_post_config is completed.
16:55:32 INFO  : Processor reset is completed for ps7_cortexa9_0
16:58:11 INFO  : Processor reset is completed for ps7_cortexa9_0
17:02:15 INFO  : Processor reset is completed for ps7_cortexa9_0
17:03:18 INFO  : Processor reset is completed for ps7_cortexa9_0
17:25:30 INFO  : FPGA configured successfully with bitstream "C:/Users/Administrator.WIN-I4CR061GMDC/Desktop/lab1.sdk/SDK/SDK_Export/hw_platform_0/system_wrapper.bit"
17:25:41 INFO  : ps7_init is completed.
17:25:41 INFO  : ps7_post_config is completed.
17:25:42 INFO  : Processor reset is completed for ps7_cortexa9_0
17:26:51 INFO  : Processor reset is completed for ps7_cortexa9_0
17:35:05 INFO  : Processor reset is completed for ps7_cortexa9_0
17:37:39 INFO  : Processor reset is completed for ps7_cortexa9_0
17:39:25 INFO  : Processor reset is completed for ps7_cortexa9_0
17:42:00 INFO  : Processor reset is completed for ps7_cortexa9_0
17:42:48 INFO  : Processor reset is completed for ps7_cortexa9_0
17:44:28 INFO  : Processor reset is completed for ps7_cortexa9_0
17:47:00 INFO  : ps7_cortexa9_0 Processor is in use. Please stop existing Run or Debug sessions before launching.
17:47:06 INFO  : Processor reset is completed for ps7_cortexa9_0
17:51:03 INFO  : Processor reset is completed for ps7_cortexa9_0
17:51:22 INFO  : ps7_cortexa9_0 Processor is in use. Please stop existing Run or Debug sessions before launching.
17:51:24 INFO  : Processor reset is completed for ps7_cortexa9_0
17:52:19 INFO  : ps7_cortexa9_0 Processor is in use. Please stop existing Run or Debug sessions before launching.
17:52:22 INFO  : Processor reset is completed for ps7_cortexa9_0
17:56:35 INFO  : FPGA configured successfully with bitstream "C:/Users/Administrator.WIN-I4CR061GMDC/Desktop/lab1.sdk/SDK/SDK_Export/hw_platform_0/system_wrapper.bit"
17:56:43 INFO  : ps7_init is completed.
17:56:43 INFO  : ps7_post_config is completed.
17:56:43 INFO  : Processor reset is completed for ps7_cortexa9_0
17:58:39 INFO  : FPGA configured successfully with bitstream "C:/Users/Administrator.WIN-I4CR061GMDC/Desktop/lab1.sdk/SDK/SDK_Export/hw_platform_0/system_wrapper.bit"
17:58:51 INFO  : ps7_init is completed.
17:58:52 INFO  : ps7_post_config is completed.
17:58:52 INFO  : Processor reset is completed for ps7_cortexa9_0
18:30:24 ERROR : Unexpected error while parsing XMD response ?: com.google.gson.JsonSyntaxException: com.google.gson.stream.MalformedJsonException: invalid number or unquoted string near 
18:36:13 INFO  : FPGA configured successfully with bitstream "C:/Users/Administrator.WIN-I4CR061GMDC/Desktop/lab1.sdk/SDK/SDK_Export/hw_platform_0/system_wrapper.bit"
18:36:17 WARN  :  [Hsm 55-1484] MSS file doesn't have NAME. So assuming NAME as system
18:36:26 INFO  : ps7_init is completed.
18:36:26 INFO  : ps7_post_config is completed.
18:36:26 INFO  : Processor reset is completed for ps7_cortexa9_0
18:39:43 INFO  : Processor reset is completed for ps7_cortexa9_0
18:42:09 ERROR : Checking FPGA configuration failed..Connection to Board Failed


    Unknown Error Occured
    Cable is not connected to the host

18:42:09 ERROR : Unexpected error while launching program.
com.xilinx.sdk.targetmanager.TMException: Connection to Board Failed


    Unknown Error Occured
    Cable is not connected to the host

	at com.xilinx.sdk.targetmanager.internal.TM.isFPGAConfigured(TM.java:386)
	at com.xilinx.sdk.debug.core.XilinxAppLaunchConfigurationDelegate.isFpgaConfigured(XilinxAppLaunchConfigurationDelegate.java:297)
	at com.xilinx.sdk.debug.core.XilinxAppLaunchConfigurationDelegate.launch(XilinxAppLaunchConfigurationDelegate.java:245)
	at com.xilinx.sdk.debug.ui.XilinxAppLaunchDelegateWrapper.launch(XilinxAppLaunchDelegateWrapper.java:31)
	at org.eclipse.debug.internal.core.LaunchConfiguration.launch(LaunchConfiguration.java:855)
	at org.eclipse.debug.internal.core.LaunchConfiguration.launch(LaunchConfiguration.java:704)
	at org.eclipse.debug.internal.ui.DebugUIPlugin.buildAndLaunch(DebugUIPlugin.java:1047)
	at org.eclipse.debug.internal.ui.DebugUIPlugin$8.run(DebugUIPlugin.java:1251)
	at org.eclipse.core.internal.jobs.Worker.run(Worker.java:54)
18:42:23 INFO  : FPGA configured successfully with bitstream "C:/Users/Administrator.WIN-I4CR061GMDC/Desktop/lab1.sdk/SDK/SDK_Export/hw_platform_0/system_wrapper.bit"
18:42:33 INFO  : ps7_init is completed.
18:42:33 INFO  : ps7_post_config is completed.
18:42:33 INFO  : Processor reset is completed for ps7_cortexa9_0
18:53:14 INFO  : FPGA configured successfully with bitstream "C:/Users/Administrator.WIN-I4CR061GMDC/Desktop/lab1.sdk/SDK/SDK_Export/hw_platform_0/system_wrapper.bit"
18:53:23 INFO  : ps7_init is completed.
18:53:23 INFO  : ps7_post_config is completed.
18:53:24 INFO  : Processor reset is completed for ps7_cortexa9_0
18:56:30 INFO  : FPGA configured successfully with bitstream "C:/Users/Administrator.WIN-I4CR061GMDC/Desktop/lab1.sdk/SDK/SDK_Export/hw_platform_0/system_wrapper.bit"
18:56:42 INFO  : ps7_init is completed.
18:56:42 INFO  : ps7_post_config is completed.
18:56:42 INFO  : Processor reset is completed for ps7_cortexa9_0
18:58:28 INFO  : ps7_cortexa9_0 Processor is in use. Please stop existing Run or Debug sessions before launching.
18:58:32 INFO  : Processor reset is completed for ps7_cortexa9_0
19:00:35 INFO  : Processor reset is completed for ps7_cortexa9_0
19:08:46 INFO  : FPGA configured successfully with bitstream "C:/Users/Administrator.WIN-I4CR061GMDC/Desktop/lab1.sdk/SDK/SDK_Export/hw_platform_0/system_wrapper.bit"
19:08:56 INFO  : FPGA configured successfully with bitstream "C:/Users/Administrator.WIN-I4CR061GMDC/Desktop/lab1.sdk/SDK/SDK_Export/hw_platform_0/system_wrapper.bit"
19:09:10 INFO  : ps7_init is completed.
19:09:10 INFO  : ps7_post_config is completed.
19:09:10 INFO  : Processor reset is completed for ps7_cortexa9_0
19:10:15 INFO  : Processor reset is completed for ps7_cortexa9_0
19:20:15 INFO  : Processor reset is completed for ps7_cortexa9_0
19:23:18 ERROR : Unexpected error while parsing XMD response ?: com.google.gson.JsonSyntaxException: com.google.gson.stream.MalformedJsonException: invalid number or unquoted string near 
14:04:09 INFO  : FPGA configured successfully with bitstream "C:/Users/Administrator.WIN-I4CR061GMDC/Desktop/lab1.sdk/SDK/SDK_Export/hw_platform_0/system_wrapper.bit"
14:04:14 WARN  :  [Hsm 55-1484] MSS file doesn't have NAME. So assuming NAME as system
14:05:16 ERROR : Unexpected error while obtaining referenced S/W project {}
org.eclipse.core.internal.resources.ResourceException: Resource '/standalone_bsp_0' is not open.
	at org.eclipse.core.internal.resources.Project.checkAccessible(Project.java:150)
	at org.eclipse.core.internal.resources.Project.hasNature(Project.java:584)
	at com.xilinx.sdk.sw.SwProjectUtils.getReferencedSwProject(SwProjectUtils.java:244)
	at com.xilinx.sdk.tools.internal.CProjectPropertyTester.test(CProjectPropertyTester.java:31)
	at org.eclipse.core.internal.expressions.Property.test(Property.java:58)
	at org.eclipse.core.internal.expressions.TestExpression.evaluate(TestExpression.java:99)
	at org.eclipse.core.internal.expressions.CompositeExpression.evaluateAnd(CompositeExpression.java:53)
	at org.eclipse.core.internal.expressions.IterateExpression.evaluate(IterateExpression.java:189)
	at org.eclipse.core.internal.expressions.CompositeExpression.evaluateAnd(CompositeExpression.java:53)
	at org.eclipse.core.internal.expressions.WithExpression.evaluate(WithExpression.java:72)
	at org.eclipse.ui.internal.services.EvaluationResultCache.evaluate(EvaluationResultCache.java:74)
	at org.eclipse.ui.internal.services.ExpressionAuthority.evaluate(ExpressionAuthority.java:165)
	at org.eclipse.ui.internal.services.EvaluationAuthority.refsWithSameExpression(EvaluationAuthority.java:155)
	at org.eclipse.ui.internal.services.EvaluationAuthority.sourceChanged(EvaluationAuthority.java:129)
	at org.eclipse.ui.internal.services.ExpressionAuthority.sourceChanged(ExpressionAuthority.java:311)
	at org.eclipse.ui.internal.services.ExpressionAuthority.sourceChanged(ExpressionAuthority.java:302)
	at org.eclipse.ui.AbstractSourceProvider.fireSourceChanged(AbstractSourceProvider.java:80)
	at org.eclipse.ui.internal.services.WorkbenchSourceProvider.selectionChanged(WorkbenchSourceProvider.java:177)
	at org.eclipse.ui.internal.AbstractSelectionService.fireSelection(AbstractSelectionService.java:156)
	at org.eclipse.ui.internal.AbstractSelectionService$1.selectionChanged(AbstractSelectionService.java:62)
	at org.eclipse.jface.viewers.Viewer$2.run(Viewer.java:164)
	at org.eclipse.core.runtime.SafeRunner.run(SafeRunner.java:42)
	at org.eclipse.ui.internal.JFaceUtil$1.run(JFaceUtil.java:49)
	at org.eclipse.jface.util.SafeRunnable.run(SafeRunnable.java:175)
	at org.eclipse.jface.viewers.Viewer.fireSelectionChanged(Viewer.java:162)
	at org.eclipse.jface.viewers.StructuredViewer.updateSelection(StructuredViewer.java:2188)
	at org.eclipse.jface.viewers.StructuredViewer.handleSelect(StructuredViewer.java:1211)
	at org.eclipse.ui.navigator.CommonViewer.handleSelect(CommonViewer.java:478)
	at org.eclipse.jface.viewers.StructuredViewer$4.widgetSelected(StructuredViewer.java:1241)
	at org.eclipse.jface.util.OpenStrategy.fireSelectionEvent(OpenStrategy.java:239)
	at org.eclipse.jface.util.OpenStrategy.access$4(OpenStrategy.java:233)
	at org.eclipse.jface.util.OpenStrategy$1.handleEvent(OpenStrategy.java:403)
	at org.eclipse.swt.widgets.EventTable.sendEvent(EventTable.java:84)
	at org.eclipse.swt.widgets.Widget.sendEvent(Widget.java:1053)
	at org.eclipse.swt.widgets.Display.runDeferredEvents(Display.java:4169)
	at org.eclipse.swt.widgets.Display.readAndDispatch(Display.java:3758)
	at org.eclipse.ui.internal.Workbench.runEventLoop(Workbench.java:2701)
	at org.eclipse.ui.internal.Workbench.runUI(Workbench.java:2665)
	at org.eclipse.ui.internal.Workbench.access$4(Workbench.java:2499)
	at org.eclipse.ui.internal.Workbench$7.run(Workbench.java:679)
	at org.eclipse.core.databinding.observable.Realm.runWithDefault(Realm.java:332)
	at org.eclipse.ui.internal.Workbench.createAndRunWorkbench(Workbench.java:668)
	at org.eclipse.ui.PlatformUI.createAndRunWorkbench(PlatformUI.java:149)
	at org.eclipse.ui.internal.ide.application.IDEApplication.start(IDEApplication.java:124)
	at org.eclipse.equinox.internal.app.EclipseAppHandle.run(EclipseAppHandle.java:196)
	at org.eclipse.core.runtime.internal.adaptor.EclipseAppLauncher.runApplication(EclipseAppLauncher.java:110)
	at org.eclipse.core.runtime.internal.adaptor.EclipseAppLauncher.start(EclipseAppLauncher.java:79)
	at org.eclipse.core.runtime.adaptor.EclipseStarter.run(EclipseStarter.java:353)
	at org.eclipse.core.runtime.adaptor.EclipseStarter.run(EclipseStarter.java:180)
	at sun.reflect.NativeMethodAccessorImpl.invoke0(Native Method)
	at sun.reflect.NativeMethodAccessorImpl.invoke(NativeMethodAccessorImpl.java:57)
	at sun.reflect.DelegatingMethodAccessorImpl.invoke(DelegatingMethodAccessorImpl.java:43)
	at java.lang.reflect.Method.invoke(Method.java:606)
	at org.eclipse.equinox.launcher.Main.invokeFramework(Main.java:629)
	at org.eclipse.equinox.launcher.Main.basicRun(Main.java:584)
	at org.eclipse.equinox.launcher.Main.run(Main.java:1438)
14:05:16 ERROR : Unexpected error while obtaining referenced S/W project {}
org.eclipse.core.internal.resources.ResourceException: Resource '/standalone_bsp_0' is not open.
	at org.eclipse.core.internal.resources.Project.checkAccessible(Project.java:150)
	at org.eclipse.core.internal.resources.Project.hasNature(Project.java:584)
	at com.xilinx.sdk.sw.SwProjectUtils.getReferencedSwProject(SwProjectUtils.java:244)
	at com.xilinx.sdk.tools.internal.CProjectPropertyTester.test(CProjectPropertyTester.java:31)
	at org.eclipse.core.internal.expressions.Property.test(Property.java:58)
	at org.eclipse.core.internal.expressions.TestExpression.evaluate(TestExpression.java:99)
	at org.eclipse.core.internal.expressions.CompositeExpression.evaluateAnd(CompositeExpression.java:53)
	at org.eclipse.core.internal.expressions.IterateExpression.evaluate(IterateExpression.java:189)
	at org.eclipse.core.internal.expressions.CompositeExpression.evaluateAnd(CompositeExpression.java:53)
	at org.eclipse.core.internal.expressions.WithExpression.evaluate(WithExpression.java:72)
	at org.eclipse.ui.internal.services.EvaluationResultCache.evaluate(EvaluationResultCache.java:74)
	at org.eclipse.ui.internal.services.ExpressionAuthority.evaluate(ExpressionAuthority.java:165)
	at org.eclipse.ui.internal.services.EvaluationAuthority.refsWithSameExpression(EvaluationAuthority.java:155)
	at org.eclipse.ui.internal.services.EvaluationAuthority.sourceChanged(EvaluationAuthority.java:129)
	at org.eclipse.ui.internal.services.ExpressionAuthority.sourceChanged(ExpressionAuthority.java:311)
	at org.eclipse.ui.internal.services.ExpressionAuthority.sourceChanged(ExpressionAuthority.java:302)
	at org.eclipse.ui.AbstractSourceProvider.fireSourceChanged(AbstractSourceProvider.java:80)
	at org.eclipse.ui.internal.services.WorkbenchSourceProvider.selectionChanged(WorkbenchSourceProvider.java:177)
	at org.eclipse.ui.internal.AbstractSelectionService.fireSelection(AbstractSelectionService.java:156)
	at org.eclipse.ui.internal.AbstractSelectionService$1.selectionChanged(AbstractSelectionService.java:62)
	at org.eclipse.jface.viewers.Viewer$2.run(Viewer.java:164)
	at org.eclipse.core.runtime.SafeRunner.run(SafeRunner.java:42)
	at org.eclipse.ui.internal.JFaceUtil$1.run(JFaceUtil.java:49)
	at org.eclipse.jface.util.SafeRunnable.run(SafeRunnable.java:175)
	at org.eclipse.jface.viewers.Viewer.fireSelectionChanged(Viewer.java:162)
	at org.eclipse.jface.viewers.StructuredViewer.updateSelection(StructuredViewer.java:2188)
	at org.eclipse.jface.viewers.StructuredViewer.handleSelect(StructuredViewer.java:1211)
	at org.eclipse.ui.navigator.CommonViewer.handleSelect(CommonViewer.java:478)
	at org.eclipse.jface.viewers.StructuredViewer$4.widgetSelected(StructuredViewer.java:1241)
	at org.eclipse.jface.util.OpenStrategy.fireSelectionEvent(OpenStrategy.java:239)
	at org.eclipse.jface.util.OpenStrategy.access$4(OpenStrategy.java:233)
	at org.eclipse.jface.util.OpenStrategy$1.handleEvent(OpenStrategy.java:403)
	at org.eclipse.swt.widgets.EventTable.sendEvent(EventTable.java:84)
	at org.eclipse.swt.widgets.Widget.sendEvent(Widget.java:1053)
	at org.eclipse.swt.widgets.Display.runDeferredEvents(Display.java:4169)
	at org.eclipse.swt.widgets.Display.readAndDispatch(Display.java:3758)
	at org.eclipse.ui.internal.Workbench.runEventLoop(Workbench.java:2701)
	at org.eclipse.ui.internal.Workbench.runUI(Workbench.java:2665)
	at org.eclipse.ui.internal.Workbench.access$4(Workbench.java:2499)
	at org.eclipse.ui.internal.Workbench$7.run(Workbench.java:679)
	at org.eclipse.core.databinding.observable.Realm.runWithDefault(Realm.java:332)
	at org.eclipse.ui.internal.Workbench.createAndRunWorkbench(Workbench.java:668)
	at org.eclipse.ui.PlatformUI.createAndRunWorkbench(PlatformUI.java:149)
	at org.eclipse.ui.internal.ide.application.IDEApplication.start(IDEApplication.java:124)
	at org.eclipse.equinox.internal.app.EclipseAppHandle.run(EclipseAppHandle.java:196)
	at org.eclipse.core.runtime.internal.adaptor.EclipseAppLauncher.runApplication(EclipseAppLauncher.java:110)
	at org.eclipse.core.runtime.internal.adaptor.EclipseAppLauncher.start(EclipseAppLauncher.java:79)
	at org.eclipse.core.runtime.adaptor.EclipseStarter.run(EclipseStarter.java:353)
	at org.eclipse.core.runtime.adaptor.EclipseStarter.run(EclipseStarter.java:180)
	at sun.reflect.NativeMethodAccessorImpl.invoke0(Native Method)
	at sun.reflect.NativeMethodAccessorImpl.invoke(NativeMethodAccessorImpl.java:57)
	at sun.reflect.DelegatingMethodAccessorImpl.invoke(DelegatingMethodAccessorImpl.java:43)
	at java.lang.reflect.Method.invoke(Method.java:606)
	at org.eclipse.equinox.launcher.Main.invokeFramework(Main.java:629)
	at org.eclipse.equinox.launcher.Main.basicRun(Main.java:584)
	at org.eclipse.equinox.launcher.Main.run(Main.java:1438)
14:05:16 ERROR : Unexpected error while obtaining referenced S/W project {}
org.eclipse.core.internal.resources.ResourceException: Resource '/standalone_bsp_0' is not open.
	at org.eclipse.core.internal.resources.Project.checkAccessible(Project.java:150)
	at org.eclipse.core.internal.resources.Project.hasNature(Project.java:584)
	at com.xilinx.sdk.sw.SwProjectUtils.getReferencedSwProject(SwProjectUtils.java:244)
	at com.xilinx.sdk.tools.internal.CProjectPropertyTester.test(CProjectPropertyTester.java:31)
	at org.eclipse.core.internal.expressions.Property.test(Property.java:58)
	at org.eclipse.core.internal.expressions.TestExpression.evaluate(TestExpression.java:99)
	at org.eclipse.core.internal.expressions.CompositeExpression.evaluateAnd(CompositeExpression.java:53)
	at org.eclipse.core.internal.expressions.IterateExpression.evaluate(IterateExpression.java:189)
	at org.eclipse.core.internal.expressions.CompositeExpression.evaluateAnd(CompositeExpression.java:53)
	at org.eclipse.core.internal.expressions.WithExpression.evaluate(WithExpression.java:72)
	at org.eclipse.ui.internal.services.EvaluationResultCache.evaluate(EvaluationResultCache.java:74)
	at org.eclipse.ui.internal.services.ExpressionAuthority.evaluate(ExpressionAuthority.java:165)
	at org.eclipse.ui.internal.services.EvaluationAuthority.addEvaluationListener(EvaluationAuthority.java:79)
	at org.eclipse.ui.internal.services.EvaluationService.addEvaluationListener(EvaluationService.java:47)
	at org.eclipse.ui.internal.menus.WorkbenchMenuService.registerVisibleWhen(WorkbenchMenuService.java:884)
	at org.eclipse.ui.internal.menus.ContributionRoot.addContributionItem(ContributionRoot.java:60)
	at org.eclipse.ui.internal.menus.MenuAdditionCacheEntry.createContributionItems(MenuAdditionCacheEntry.java:188)
	at org.eclipse.ui.internal.menus.WorkbenchMenuService$5.run(WorkbenchMenuService.java:584)
	at org.eclipse.core.runtime.SafeRunner.run(SafeRunner.java:42)
	at org.eclipse.ui.internal.menus.WorkbenchMenuService.processAdditions(WorkbenchMenuService.java:656)
	at org.eclipse.ui.internal.menus.WorkbenchMenuService.addContributionsToManager(WorkbenchMenuService.java:765)
	at org.eclipse.ui.internal.menus.WorkbenchMenuService.populateContributionManager(WorkbenchMenuService.java:730)
	at org.eclipse.ui.internal.menus.SlaveMenuService.populateContributionManager(SlaveMenuService.java:203)
	at org.eclipse.ui.internal.menus.SlaveMenuService.populateContributionManager(SlaveMenuService.java:76)
	at org.eclipse.ui.internal.PopupMenuExtender.addMenuContributions(PopupMenuExtender.java:357)
	at org.eclipse.ui.internal.PopupMenuExtender.menuAboutToShow(PopupMenuExtender.java:335)
	at org.eclipse.jface.action.MenuManager.fireAboutToShow(MenuManager.java:342)
	at org.eclipse.jface.action.MenuManager.handleAboutToShow(MenuManager.java:473)
	at org.eclipse.jface.action.MenuManager.access$1(MenuManager.java:469)
	at org.eclipse.jface.action.MenuManager$2.menuShown(MenuManager.java:495)
	at org.eclipse.swt.widgets.TypedListener.handleEvent(TypedListener.java:255)
	at org.eclipse.swt.widgets.EventTable.sendEvent(EventTable.java:84)
	at org.eclipse.swt.widgets.Widget.sendEvent(Widget.java:1053)
	at org.eclipse.swt.widgets.Widget.sendEvent(Widget.java:1077)
	at org.eclipse.swt.widgets.Widget.sendEvent(Widget.java:1058)
	at org.eclipse.swt.widgets.Control.WM_INITMENUPOPUP(Control.java:4881)
	at org.eclipse.swt.widgets.Control.windowProc(Control.java:4557)
	at org.eclipse.swt.widgets.Canvas.windowProc(Canvas.java:341)
	at org.eclipse.swt.widgets.Decorations.windowProc(Decorations.java:1627)
	at org.eclipse.swt.widgets.Shell.windowProc(Shell.java:2069)
	at org.eclipse.swt.widgets.Display.windowProc(Display.java:4976)
	at org.eclipse.swt.internal.win32.OS.TrackPopupMenu(Native Method)
	at org.eclipse.swt.widgets.Menu._setVisible(Menu.java:257)
	at org.eclipse.swt.widgets.Display.runPopups(Display.java:4210)
	at org.eclipse.swt.widgets.Display.readAndDispatch(Display.java:3752)
	at org.eclipse.ui.internal.Workbench.runEventLoop(Workbench.java:2701)
	at org.eclipse.ui.internal.Workbench.runUI(Workbench.java:2665)
	at org.eclipse.ui.internal.Workbench.access$4(Workbench.java:2499)
	at org.eclipse.ui.internal.Workbench$7.run(Workbench.java:679)
	at org.eclipse.core.databinding.observable.Realm.runWithDefault(Realm.java:332)
	at org.eclipse.ui.internal.Workbench.createAndRunWorkbench(Workbench.java:668)
	at org.eclipse.ui.PlatformUI.createAndRunWorkbench(PlatformUI.java:149)
	at org.eclipse.ui.internal.ide.application.IDEApplication.start(IDEApplication.java:124)
	at org.eclipse.equinox.internal.app.EclipseAppHandle.run(EclipseAppHandle.java:196)
	at org.eclipse.core.runtime.internal.adaptor.EclipseAppLauncher.runApplication(EclipseAppLauncher.java:110)
	at org.eclipse.core.runtime.internal.adaptor.EclipseAppLauncher.start(EclipseAppLauncher.java:79)
	at org.eclipse.core.runtime.adaptor.EclipseStarter.run(EclipseStarter.java:353)
	at org.eclipse.core.runtime.adaptor.EclipseStarter.run(EclipseStarter.java:180)
	at sun.reflect.NativeMethodAccessorImpl.invoke0(Native Method)
	at sun.reflect.NativeMethodAccessorImpl.invoke(NativeMethodAccessorImpl.java:57)
	at sun.reflect.DelegatingMethodAccessorImpl.invoke(DelegatingMethodAccessorImpl.java:43)
	at java.lang.reflect.Method.invoke(Method.java:606)
	at org.eclipse.equinox.launcher.Main.invokeFramework(Main.java:629)
	at org.eclipse.equinox.launcher.Main.basicRun(Main.java:584)
	at org.eclipse.equinox.launcher.Main.run(Main.java:1438)
14:05:16 ERROR : Unexpected error while obtaining referenced S/W project {}
org.eclipse.core.internal.resources.ResourceException: Resource '/standalone_bsp_0' is not open.
	at org.eclipse.core.internal.resources.Project.checkAccessible(Project.java:150)
	at org.eclipse.core.internal.resources.Project.hasNature(Project.java:584)
	at com.xilinx.sdk.sw.SwProjectUtils.getReferencedSwProject(SwProjectUtils.java:244)
	at com.xilinx.sdk.tools.internal.CProjectPropertyTester.test(CProjectPropertyTester.java:31)
	at org.eclipse.core.internal.expressions.Property.test(Property.java:58)
	at org.eclipse.core.internal.expressions.TestExpression.evaluate(TestExpression.java:99)
	at org.eclipse.core.internal.expressions.CompositeExpression.evaluateAnd(CompositeExpression.java:53)
	at org.eclipse.core.internal.expressions.IterateExpression.evaluate(IterateExpression.java:189)
	at org.eclipse.core.internal.expressions.CompositeExpression.evaluateAnd(CompositeExpression.java:53)
	at org.eclipse.core.internal.expressions.WithExpression.evaluate(WithExpression.java:72)
	at org.eclipse.ui.internal.services.EvaluationResultCache.evaluate(EvaluationResultCache.java:74)
	at org.eclipse.ui.internal.services.ExpressionAuthority.evaluate(ExpressionAuthority.java:165)
	at org.eclipse.ui.internal.services.EvaluationAuthority.addEvaluationListener(EvaluationAuthority.java:79)
	at org.eclipse.ui.internal.services.EvaluationService.addEvaluationListener(EvaluationService.java:47)
	at org.eclipse.ui.internal.menus.WorkbenchMenuService.registerVisibleWhen(WorkbenchMenuService.java:884)
	at org.eclipse.ui.internal.menus.ContributionRoot.addContributionItem(ContributionRoot.java:60)
	at org.eclipse.ui.internal.menus.MenuAdditionCacheEntry.createContributionItems(MenuAdditionCacheEntry.java:188)
	at org.eclipse.ui.internal.menus.WorkbenchMenuService$5.run(WorkbenchMenuService.java:584)
	at org.eclipse.core.runtime.SafeRunner.run(SafeRunner.java:42)
	at org.eclipse.ui.internal.menus.WorkbenchMenuService.processAdditions(WorkbenchMenuService.java:656)
	at org.eclipse.ui.internal.menus.WorkbenchMenuService.addContributionsToManager(WorkbenchMenuService.java:765)
	at org.eclipse.ui.internal.menus.WorkbenchMenuService.populateContributionManager(WorkbenchMenuService.java:730)
	at org.eclipse.ui.internal.menus.SlaveMenuService.populateContributionManager(SlaveMenuService.java:203)
	at org.eclipse.ui.internal.menus.SlaveMenuService.populateContributionManager(SlaveMenuService.java:76)
	at org.eclipse.ui.internal.PopupMenuExtender.addMenuContributions(PopupMenuExtender.java:357)
	at org.eclipse.ui.internal.PopupMenuExtender.menuAboutToShow(PopupMenuExtender.java:335)
	at org.eclipse.jface.action.MenuManager.fireAboutToShow(MenuManager.java:342)
	at org.eclipse.jface.action.MenuManager.handleAboutToShow(MenuManager.java:473)
	at org.eclipse.jface.action.MenuManager.access$1(MenuManager.java:469)
	at org.eclipse.jface.action.MenuManager$2.menuShown(MenuManager.java:495)
	at org.eclipse.swt.widgets.TypedListener.handleEvent(TypedListener.java:255)
	at org.eclipse.swt.widgets.EventTable.sendEvent(EventTable.java:84)
	at org.eclipse.swt.widgets.Widget.sendEvent(Widget.java:1053)
	at org.eclipse.swt.widgets.Widget.sendEvent(Widget.java:1077)
	at org.eclipse.swt.widgets.Widget.sendEvent(Widget.java:1058)
	at org.eclipse.swt.widgets.Control.WM_INITMENUPOPUP(Control.java:4881)
	at org.eclipse.swt.widgets.Control.windowProc(Control.java:4557)
	at org.eclipse.swt.widgets.Canvas.windowProc(Canvas.java:341)
	at org.eclipse.swt.widgets.Decorations.windowProc(Decorations.java:1627)
	at org.eclipse.swt.widgets.Shell.windowProc(Shell.java:2069)
	at org.eclipse.swt.widgets.Display.windowProc(Display.java:4976)
	at org.eclipse.swt.internal.win32.OS.TrackPopupMenu(Native Method)
	at org.eclipse.swt.widgets.Menu._setVisible(Menu.java:257)
	at org.eclipse.swt.widgets.Display.runPopups(Display.java:4210)
	at org.eclipse.swt.widgets.Display.readAndDispatch(Display.java:3752)
	at org.eclipse.ui.internal.Workbench.runEventLoop(Workbench.java:2701)
	at org.eclipse.ui.internal.Workbench.runUI(Workbench.java:2665)
	at org.eclipse.ui.internal.Workbench.access$4(Workbench.java:2499)
	at org.eclipse.ui.internal.Workbench$7.run(Workbench.java:679)
	at org.eclipse.core.databinding.observable.Realm.runWithDefault(Realm.java:332)
	at org.eclipse.ui.internal.Workbench.createAndRunWorkbench(Workbench.java:668)
	at org.eclipse.ui.PlatformUI.createAndRunWorkbench(PlatformUI.java:149)
	at org.eclipse.ui.internal.ide.application.IDEApplication.start(IDEApplication.java:124)
	at org.eclipse.equinox.internal.app.EclipseAppHandle.run(EclipseAppHandle.java:196)
	at org.eclipse.core.runtime.internal.adaptor.EclipseAppLauncher.runApplication(EclipseAppLauncher.java:110)
	at org.eclipse.core.runtime.internal.adaptor.EclipseAppLauncher.start(EclipseAppLauncher.java:79)
	at org.eclipse.core.runtime.adaptor.EclipseStarter.run(EclipseStarter.java:353)
	at org.eclipse.core.runtime.adaptor.EclipseStarter.run(EclipseStarter.java:180)
	at sun.reflect.NativeMethodAccessorImpl.invoke0(Native Method)
	at sun.reflect.NativeMethodAccessorImpl.invoke(NativeMethodAccessorImpl.java:57)
	at sun.reflect.DelegatingMethodAccessorImpl.invoke(DelegatingMethodAccessorImpl.java:43)
	at java.lang.reflect.Method.invoke(Method.java:606)
	at org.eclipse.equinox.launcher.Main.invokeFramework(Main.java:629)
	at org.eclipse.equinox.launcher.Main.basicRun(Main.java:584)
	at org.eclipse.equinox.launcher.Main.run(Main.java:1438)
14:06:19 ERROR : 
org.eclipse.core.internal.resources.ResourceException: A resource exists with a different case: '/Test'.
	at org.eclipse.core.internal.resources.Resource.checkDoesNotExist(Resource.java:329)
	at org.eclipse.core.internal.resources.Resource.checkDoesNotExist(Resource.java:307)
	at org.eclipse.core.internal.resources.Project.assertCreateRequirements(Project.java:52)
	at org.eclipse.core.internal.resources.Project.create(Project.java:287)
	at org.eclipse.core.internal.resources.Project.create(Project.java:269)
	at org.eclipse.cdt.core.CCorePlugin$1.run(CCorePlugin.java:799)
	at org.eclipse.core.internal.resources.Workspace.run(Workspace.java:2344)
	at org.eclipse.cdt.core.CCorePlugin.createCProject(CCorePlugin.java:790)
	at com.xilinx.sdk.appwiz.core.AppCreationHandler.createBaseProject(AppCreationHandler.java:161)
	at com.xilinx.sdk.appwiz.core.StandaloneProjectHandler.createCoreApp(StandaloneProjectHandler.java:53)
	at com.xilinx.sdk.appwiz.core.AppCreationHandler.createApplication(AppCreationHandler.java:117)
	at com.xilinx.sdk.appwiz.core.AppCreationHandler$1.run(AppCreationHandler.java:61)
	at org.eclipse.core.internal.resources.Workspace.run(Workspace.java:2344)
	at org.eclipse.core.internal.resources.Workspace.run(Workspace.java:2326)
	at com.xilinx.sdk.appwiz.core.AppCreationHandler.execute(AppCreationHandler.java:57)
	at com.xilinx.sdk.appwiz.ApplicationWizard.createNewProject(ApplicationWizard.java:120)
	at org.eclipse.cdt.ui.wizards.NewCProjectWizard.doRun(NewCProjectWizard.java:293)
	at org.eclipse.cdt.ui.wizards.NewCProjectWizard$1$1$1.run(NewCProjectWizard.java:235)
	at org.eclipse.ui.actions.WorkspaceModifyDelegatingOperation.execute(WorkspaceModifyDelegatingOperation.java:69)
	at org.eclipse.ui.actions.WorkspaceModifyOperation$1.run(WorkspaceModifyOperation.java:106)
	at org.eclipse.core.internal.resources.Workspace.run(Workspace.java:2344)
	at org.eclipse.ui.actions.WorkspaceModifyOperation.run(WorkspaceModifyOperation.java:118)
	at org.eclipse.jface.operation.ModalContext.runInCurrentThread(ModalContext.java:464)
	at org.eclipse.jface.operation.ModalContext.run(ModalContext.java:372)
	at org.eclipse.jface.wizard.WizardDialog.run(WizardDialog.java:1028)
	at org.eclipse.cdt.ui.wizards.NewCProjectWizard$1$1.run(NewCProjectWizard.java:245)
	at org.eclipse.ui.internal.UILockListener.doPendingWork(UILockListener.java:164)
	at org.eclipse.ui.internal.UISynchronizer$3.run(UISynchronizer.java:158)
	at org.eclipse.swt.widgets.RunnableLock.run(RunnableLock.java:35)
	at org.eclipse.swt.widgets.Synchronizer.runAsyncMessages(Synchronizer.java:135)
	at org.eclipse.swt.widgets.Display.runAsyncMessages(Display.java:4144)
	at org.eclipse.swt.widgets.Display.readAndDispatch(Display.java:3761)
	at org.eclipse.jface.operation.ModalContext$ModalContextThread.block(ModalContext.java:173)
	at org.eclipse.jface.operation.ModalContext.run(ModalContext.java:388)
	at org.eclipse.jface.wizard.WizardDialog.run(WizardDialog.java:1028)
	at org.eclipse.cdt.ui.wizards.NewCProjectWizard.invokeRunnable(NewCProjectWizard.java:272)
	at org.eclipse.cdt.ui.wizards.NewCProjectWizard.performFinish(NewCProjectWizard.java:162)
	at org.eclipse.jface.wizard.WizardDialog.finishPressed(WizardDialog.java:827)
	at org.eclipse.jface.wizard.WizardDialog.buttonPressed(WizardDialog.java:432)
	at org.eclipse.jface.dialogs.Dialog$2.widgetSelected(Dialog.java:624)
	at org.eclipse.swt.widgets.TypedListener.handleEvent(TypedListener.java:248)
	at org.eclipse.swt.widgets.EventTable.sendEvent(EventTable.java:84)
	at org.eclipse.swt.widgets.Widget.sendEvent(Widget.java:1053)
	at org.eclipse.swt.widgets.Display.runDeferredEvents(Display.java:4169)
	at org.eclipse.swt.widgets.Display.readAndDispatch(Display.java:3758)
	at org.eclipse.jface.window.Window.runEventLoop(Window.java:825)
	at org.eclipse.jface.window.Window.open(Window.java:801)
	at org.eclipse.ui.internal.actions.NewWizardShortcutAction.run(NewWizardShortcutAction.java:135)
	at org.eclipse.jface.action.Action.runWithEvent(Action.java:498)
	at org.eclipse.jface.action.ActionContributionItem.handleWidgetSelection(ActionContributionItem.java:584)
	at org.eclipse.jface.action.ActionContributionItem.access$2(ActionContributionItem.java:501)
	at org.eclipse.jface.action.ActionContributionItem$5.handleEvent(ActionContributionItem.java:411)
	at org.eclipse.swt.widgets.EventTable.sendEvent(EventTable.java:84)
	at org.eclipse.swt.widgets.Widget.sendEvent(Widget.java:1053)
	at org.eclipse.swt.widgets.Display.runDeferredEvents(Display.java:4169)
	at org.eclipse.swt.widgets.Display.readAndDispatch(Display.java:3758)
	at org.eclipse.ui.internal.Workbench.runEventLoop(Workbench.java:2701)
	at org.eclipse.ui.internal.Workbench.runUI(Workbench.java:2665)
	at org.eclipse.ui.internal.Workbench.access$4(Workbench.java:2499)
	at org.eclipse.ui.internal.Workbench$7.run(Workbench.java:679)
	at org.eclipse.core.databinding.observable.Realm.runWithDefault(Realm.java:332)
	at org.eclipse.ui.internal.Workbench.createAndRunWorkbench(Workbench.java:668)
	at org.eclipse.ui.PlatformUI.createAndRunWorkbench(PlatformUI.java:149)
	at org.eclipse.ui.internal.ide.application.IDEApplication.start(IDEApplication.java:124)
	at org.eclipse.equinox.internal.app.EclipseAppHandle.run(EclipseAppHandle.java:196)
	at org.eclipse.core.runtime.internal.adaptor.EclipseAppLauncher.runApplication(EclipseAppLauncher.java:110)
	at org.eclipse.core.runtime.internal.adaptor.EclipseAppLauncher.start(EclipseAppLauncher.java:79)
	at org.eclipse.core.runtime.adaptor.EclipseStarter.run(EclipseStarter.java:353)
	at org.eclipse.core.runtime.adaptor.EclipseStarter.run(EclipseStarter.java:180)
	at sun.reflect.NativeMethodAccessorImpl.invoke0(Native Method)
	at sun.reflect.NativeMethodAccessorImpl.invoke(NativeMethodAccessorImpl.java:57)
	at sun.reflect.DelegatingMethodAccessorImpl.invoke(DelegatingMethodAccessorImpl.java:43)
	at java.lang.reflect.Method.invoke(Method.java:606)
	at org.eclipse.equinox.launcher.Main.invokeFramework(Main.java:629)
	at org.eclipse.equinox.launcher.Main.basicRun(Main.java:584)
	at org.eclipse.equinox.launcher.Main.run(Main.java:1438)
14:09:45 INFO  : ps7_init is completed.
14:09:45 INFO  : ps7_post_config is completed.
14:09:45 INFO  : Processor reset is completed for ps7_cortexa9_0
14:12:30 INFO  : Processor reset is completed for ps7_cortexa9_0
14:27:53 INFO  : FPGA configured successfully with bitstream "C:/Users/Administrator.WIN-I4CR061GMDC/Desktop/lab1.sdk/SDK/SDK_Export/hw_platform_0/system_wrapper.bit"
14:28:16 INFO  : ps7_init is completed.
14:28:16 INFO  : ps7_post_config is completed.
14:28:17 INFO  : Processor reset is completed for ps7_cortexa9_0
14:45:22 INFO  : FPGA configured successfully with bitstream "C:/Users/Administrator.WIN-I4CR061GMDC/Desktop/lab1.sdk/SDK/SDK_Export/hw_platform_0/system_wrapper.bit"
14:45:43 INFO  : ps7_init is completed.
14:45:44 INFO  : ps7_post_config is completed.
14:45:44 INFO  : Processor reset is completed for ps7_cortexa9_0
14:58:12 INFO  : FPGA configured successfully with bitstream "C:/Users/Administrator.WIN-I4CR061GMDC/Desktop/lab1.sdk/SDK/SDK_Export/hw_platform_0/system_wrapper.bit"
14:58:34 INFO  : ps7_init is completed.
14:58:34 INFO  : ps7_post_config is completed.
14:58:34 INFO  : Processor reset is completed for ps7_cortexa9_0
15:11:12 ERROR : FPGA Configuration failed.Failed to download the bit file

    Failed to verify DONE bit after configuring FPGA


15:11:39 INFO  : FPGA configured successfully with bitstream "C:/Users/Administrator.WIN-I4CR061GMDC/Desktop/lab1.sdk/SDK/SDK_Export/hw_platform_0/system_wrapper.bit"
15:12:04 INFO  : ps7_init is completed.
15:12:04 INFO  : ps7_post_config is completed.
15:12:04 INFO  : Processor reset is completed for ps7_cortexa9_0
15:15:34 INFO  : FPGA configured successfully with bitstream "C:/Users/Administrator.WIN-I4CR061GMDC/Desktop/lab1.sdk/SDK/SDK_Export/hw_platform_0/system_wrapper.bit"
15:15:58 INFO  : ps7_init is completed.
15:15:58 INFO  : ps7_post_config is completed.
15:15:58 INFO  : Processor reset is completed for ps7_cortexa9_0
15:17:08 INFO  : Processor reset is completed for ps7_cortexa9_0
15:20:28 INFO  : Processor reset is completed for ps7_cortexa9_0
15:21:59 INFO  : Processor reset is completed for ps7_cortexa9_0
